    /// DBGBVR0_EL1 register.
    DBGBVR0_EL1,

    /// DBGBCR0_EL1 register.
    DBGBCR0_EL1,

    /// DBGWVR0_EL1 register.
    DBGWVR0_EL1,

    /// DBGWCR0_EL1 register.
    DBGWCR0_EL1,

    /// DBGBVR1_EL1 register.
    DBGBVR1_EL1,

    /// DBGBCR1_EL1 register.
    DBGBCR1_EL1,

    /// DBGWVR1_EL1 register.
    DBGWVR1_EL1,

    /// DBGWCR1_EL1 register.
    DBGWCR1_EL1,

    /// MDCCINT_EL1 register.
    MDCCINT_EL1,

    /// MDSCR_EL1 register.
    MDSCR_EL1,

    /// DBGBVR2_EL1 register.
    DBGBVR2_EL1,

    /// DBGBCR2_EL1 register.
    DBGBCR2_EL1,

    /// DBGWVR2_EL1 register.
    DBGWVR2_EL1,

    /// DBGWCR2_EL1 register.
    DBGWCR2_EL1,

    /// DBGBVR3_EL1 register.
    DBGBVR3_EL1,

    /// DBGBCR3_EL1 register.
    DBGBCR3_EL1,

    /// DBGWVR3_EL1 register.
    DBGWVR3_EL1,

    /// DBGWCR3_EL1 register.
    DBGWCR3_EL1,

    /// DBGBVR4_EL1 register.
    DBGBVR4_EL1,

    /// DBGBCR4_EL1 register.
    DBGBCR4_EL1,

    /// DBGWVR4_EL1 register.
    DBGWVR4_EL1,

    /// DBGWCR4_EL1 register.
    DBGWCR4_EL1,

    /// DBGBVR5_EL1 register.
    DBGBVR5_EL1,

    /// DBGBCR5_EL1 register.
    DBGBCR5_EL1,

    /// DBGWVR5_EL1 register.
    DBGWVR5_EL1,

    /// BGWCR5_EL1 register.
    BGWCR5_EL1,

    /// DBGBVR6_EL1 register.
    DBGBVR6_EL1,

    /// DBGBCR6_EL1 register.
    DBGBCR6_EL1,

    /// DBGWVR6_EL1 register.
    DBGWVR6_EL1,

    /// DBGWCR6_EL1 register.
    DBGWCR6_EL1,

    /// DBGBVR7_EL1 register.
    DBGBVR7_EL1,

    /// DBGBCR7_EL1 register.
    DBGBCR7_EL1,

    /// DBGWVR7_EL1 register.
    DBGWVR7_EL1,

    /// DBGWCR7_EL1 register.
    DBGWCR7_EL1,

    /// DBGBVR8_EL1 register.
    DBGBVR8_EL1,

    /// DBGBCR8_EL1 register.
    DBGBCR8_EL1,

    /// DBGWVR8_EL1 register.
    DBGWVR8_EL1,

    /// DBGWCR8_EL1 register.
    DBGWCR8_EL1,

    /// DBGBVR9_EL1 register.
    DBGBVR9_EL1,

    /// DBGBCR9_EL1 register.
    DBGBCR9_EL1,

    /// DBGWVR9_EL1 register.
    DBGWVR9_EL1,

    /// DBGWCR9_EL1 register.
    DBGWCR9_EL1,

    /// DBGBVR10_EL1 register.
    DBGBVR10_EL1,

    /// DBGBCR10_EL1 register.
    DBGBCR10_EL1,

    /// DBGWVR10_EL1 register.
    DBGWVR10_EL1,

    /// DBGWCR10_EL1 register.
    DBGWCR10_EL1,

    /// DBGBVR11_EL1 register.
    DBGBVR11_EL1,

    /// DBGBCR11_EL1 register.
    DBGBCR11_EL1,

    /// DBGWVR11_EL1 register.
    DBGWVR11_EL1,

    /// DBGWCR11_EL1 register.
    DBGWCR11_EL1,

    /// DBGBVR12_EL1 register.
    DBGBVR12_EL1,

    /// DBGBCR12_EL1 register.
    DBGBCR12_EL1,

    /// DBGWVR12_EL1 register.
    DBGWVR12_EL1,

    /// DBGWCR12_EL1 register.
    DBGWCR12_EL1,

    /// DBGBVR13_EL1 register.
    DBGBVR13_EL1,

    /// DBGBCR13_EL1 register.
    DBGBCR13_EL1,

    /// DBGWVR13_EL1 register.
    DBGWVR13_EL1,

    /// DBGWCR13_EL1 register.
    DBGWCR13_EL1,

    /// DBGBVR14_EL1 register.
    DBGBVR14_EL1,

    /// DBGBCR14_EL1 register.
    DBGBCR14_EL1,

    /// DBGWVR14_EL1 register.
    DBGWVR14_EL1,

    /// DBGWCR14_EL1 register.
    DBGWCR14_EL1,

    /// DBGBVR15_EL1 register.
    DBGBVR15_EL1,

    /// DBGBCR15_EL1 register.
    DBGBCR15_EL1,

    /// DBGWVR15_EL1 register.
    DBGWVR15_EL1,

    /// DBGWCR15_EL1 register.
    DBGWCR15_EL1,

    /// MIDR_EL1 register.
    MIDR_EL1,

    /// MPIDR_EL1 register.
    MPIDR_EL1,

    /// AA64PFR0_EL1 register.
    AA64PFR0_EL1,

    /// AA64PFR1_EL1 register.
    AA64PFR1_EL1,

    /// AA64DFR0_EL1 register.
    AA64DFR0_EL1,

    /// AA64DFR1_EL1 register.
    AA64DFR1_EL1,

    /// AA64ISAR0_EL1 register.
    AA64ISAR0_EL1,

    /// AA64ISAR1_EL1 register.
    AA64ISAR1_EL1,

    /// AA64MMFR0_EL1 register.
    AA64MMFR0_EL1,

    /// AA64MMFR1_EL1 register.
    AA64MMFR1_EL1,

    /// AA64MMFR2_EL1 register.
    AA64MMFR2_EL1,

    /// SCTLR_EL1 register.
    SCTLR_EL1,

    /// CPACR_EL1 register.
    CPACR_EL1,

    /// TTBR0_EL1 register.
    TTBR0_EL1,

    /// TTBR1_EL1 register.
    TTBR1_EL1,

    /// TCR_EL1 register.
    TCR_EL1,

    /// APIAKEYLO_EL1 register.
    APIAKEYLO_EL1,

    /// APIAKEYHI_EL1 register.
    APIAKEYHI_EL1,

    /// APIBKEYLO_EL1 register.
    APIBKEYLO_EL1,

    /// APIBKEYHI_EL1 register.
    APIBKEYHI_EL1,

    /// APDAKEYLO_EL1 register.
    APDAKEYLO_EL1,

    /// APDAKEYHI_EL1 register.
    APDAKEYHI_EL1,

    /// APDBKEYLO_EL1 register.
    APDBKEYLO_EL1,

    /// APDBKEYHI_EL1 register.
    APDBKEYHI_EL1,

    /// APGAKEYLO_EL1 register.
    APGAKEYLO_EL1,

    /// APGAKEYHI_EL1 register.
    APGAKEYHI_EL1,

    /// SPSR_EL1 register.
    SPSR_EL1,

    /// ELR_EL1 register.
    ELR_EL1,

    /// SP_EL0 register.
    SP_EL0,

    /// AFSR0_EL1 register.
    AFSR0_EL1,

    /// AFSR1_EL1 register.
    AFSR1_EL1,

    /// ESR_EL1 register.
    ESR_EL1,

    /// FAR_EL1 register.
    FAR_EL1,

    /// PAR_EL1 register.
    PAR_EL1,

    /// MAIR_EL1 register.
    MAIR_EL1,

    /// AMAIR_EL1 register.
    AMAIR_EL1,

    /// VBAR_EL1 register.
    VBAR_EL1,

    /// CONTEXTIDR_EL1 register.
    CONTEXTIDR_EL1,

    /// TPIDR_EL1 register.
    TPIDR_EL1,

    /// CNTKCTL_EL1 register.
    CNTKCTL_EL1,

    /// CSSELR_EL1 register.
    CSSELR_EL1,

    /// TPIDR_EL0 register.
    TPIDR_EL0,

    /// TPIDRRO_EL0 register.
    TPIDRRO_EL0,

    /// CNTV_CTL_EL0 register.
    CNTV_CTL_EL0,

    /// CNTV_CVAL_EL0 register.
    CNTV_CVAL_EL0,

